This is pdfTeX, Version 3.141592653-2.6-1.40.22 (TeX Live 2021/Arch Linux) (preloaded format=pdflatex 2021.5.27)  10 JUL 2021 21:16
entering extended mode
 restricted \write18 enabled.
 file:line:error style messages enabled.
 %&-line parsing enabled.
**neural_network_activations.tex
(./neural_network_activations.tex
LaTeX2e <2020-10-01> patch level 4
L3 programming layer <2021-02-18> (/usr/share/texmf-dist/tex/latex/base/article.cls
Document Class: article 2020/04/10 v1.4m Standard LaTeX document class
(/usr/share/texmf-dist/tex/latex/base/size10.clo
File: size10.clo 2020/04/10 v1.4m Standard LaTeX file (size option)
)
\c@part=\count179
\c@section=\count180
\c@subsection=\count181
\c@subsubsection=\count182
\c@paragraph=\count183
\c@subparagraph=\count184
\c@figure=\count185
\c@table=\count186
\abovecaptionskip=\skip47
\belowcaptionskip=\skip48
\bibindent=\dimen138
) (/usr/share/texmf-dist/tex/latex/graphics/graphicx.sty
Package: graphicx 2020/09/09 v1.2b Enhanced LaTeX Graphics (DPC,SPQR)
 (/usr/share/texmf-dist/tex/latex/graphics/keyval.sty
Package: keyval 2014/10/28 v1.15 key=value parser (DPC)
\KV@toks@=\toks15
) (/usr/share/texmf-dist/tex/latex/graphics/graphics.sty
Package: graphics 2020/08/30 v1.4c Standard LaTeX Graphics (DPC,SPQR)
 (/usr/share/texmf-dist/tex/latex/graphics/trig.sty
Package: trig 2016/01/03 v1.10 sin cos tan (DPC)
) (/usr/share/texmf-dist/tex/latex/graphics-cfg/graphics.cfg
File: graphics.cfg 2016/06/04 v1.11 sample graphics configuration
)
Package graphics Info: Driver file: pdftex.def on input line 105.
 (/usr/share/texmf-dist/tex/latex/graphics-def/pdftex.def
File: pdftex.def 2020/10/05 v1.2a Graphics/color driver for pdftex
))
\Gin@req@height=\dimen139
\Gin@req@width=\dimen140
) (/usr/share/texmf-dist/tex/latex/booktabs/booktabs.sty
Package: booktabs 2020/01/12 v1.61803398 Publication quality tables
\heavyrulewidth=\dimen141
\lightrulewidth=\dimen142
\cmidrulewidth=\dimen143
\belowrulesep=\dimen144
\belowbottomsep=\dimen145
\aboverulesep=\dimen146
\abovetopsep=\dimen147
\cmidrulesep=\dimen148
\cmidrulekern=\dimen149
\defaultaddspace=\dimen150
\@cmidla=\count187
\@cmidlb=\count188
\@aboverulesep=\dimen151
\@belowrulesep=\dimen152
\@thisruleclass=\count189
\@lastruleclass=\count190
\@thisrulewidth=\dimen153
) (/usr/share/texmf-dist/tex/latex/l3backend/l3backend-pdftex.def
File: l3backend-pdftex.def 2021-03-18 L3 backend support: PDF output (pdfTeX)
\l__color_backend_stack_int=\count191
\l__pdf_internal_box=\box47
) (./neural_network_activations.aux)
\openout1 = `neural_network_activations.aux'.

LaTeX Font Info:    Checking defaults for OML/cmm/m/it on input line 9.
LaTeX Font Info:    ... okay on input line 9.
LaTeX Font Info:    Checking defaults for OMS/cmsy/m/n on input line 9.
LaTeX Font Info:    ... okay on input line 9.
LaTeX Font Info:    Checking defaults for OT1/cmr/m/n on input line 9.
LaTeX Font Info:    ... okay on input line 9.
LaTeX Font Info:    Checking defaults for T1/cmr/m/n on input line 9.
LaTeX Font Info:    ... okay on input line 9.
LaTeX Font Info:    Checking defaults for TS1/cmr/m/n on input line 9.
LaTeX Font Info:    ... okay on input line 9.
LaTeX Font Info:    Checking defaults for OMX/cmex/m/n on input line 9.
LaTeX Font Info:    ... okay on input line 9.
LaTeX Font Info:    Checking defaults for U/cmr/m/n on input line 9.
LaTeX Font Info:    ... okay on input line 9.
 (/usr/share/texmf-dist/tex/context/base/mkii/supp-pdf.mkii
[Loading MPS to PDF converter (version 2006.09.02).]
\scratchcounter=\count192
\scratchdimen=\dimen154
\scratchbox=\box48
\nofMPsegments=\count193
\nofMParguments=\count194
\everyMPshowfont=\toks16
\MPscratchCnt=\count195
\MPscratchDim=\dimen155
\MPnumerator=\count196
\makeMPintoPDFobject=\count197
\everyMPtoPDFconversion=\toks17
) (/usr/share/texmf-dist/tex/latex/epstopdf-pkg/epstopdf-base.sty
Package: epstopdf-base 2020-01-24 v2.11 Base part for package epstopdf
Package epstopdf-base Info: Redefining graphics rule for `.eps' on input line 485.
 (/usr/share/texmf-dist/tex/latex/latexconfig/epstopdf-sys.cfg
File: epstopdf-sys.cfg 2010/07/13 v1.3 Configuration of (r)epstopdf for TeX Live
))
LaTeX Font Info:    External font `cmex10' loaded for size
(Font)              <12> on input line 11.
LaTeX Font Info:    External font `cmex10' loaded for size
(Font)              <8> on input line 11.
LaTeX Font Info:    External font `cmex10' loaded for size
(Font)              <6> on input line 11.
 [1

{/var/lib/texmf/fonts/map/pdftex/updmap/pdftex.map}]
LaTeX Font Info:    External font `cmex10' loaded for size
(Font)              <7> on input line 69.
LaTeX Font Info:    External font `cmex10' loaded for size
(Font)              <5> on input line 69.
<../../out/activations_feedforward/mnist_t-sne_trained.png, id=12, 1806.75pt x 361.35pt>
File: ../../out/activations_feedforward/mnist_t-sne_trained.png Graphic file (type png)
<use ../../out/activations_feedforward/mnist_t-sne_trained.png>
Package pdftex.def Info: ../../out/activations_feedforward/mnist_t-sne_trained.png  used on input line 98.
(pdftex.def)             Requested size: 345.0pt x 68.99905pt.
<../../out/activations_feedforward/mnist_t-sne_untrained.png, id=14, 1806.75pt x 361.35pt>
File: ../../out/activations_feedforward/mnist_t-sne_untrained.png Graphic file (type png)
<use ../../out/activations_feedforward/mnist_t-sne_untrained.png>
Package pdftex.def Info: ../../out/activations_feedforward/mnist_t-sne_untrained.png  used on input line 104.
(pdftex.def)             Requested size: 345.0pt x 68.99905pt.
 [2] (../../out/activations_feedforward/mnist_t-sne.tex)
<../../out/activations_feedforward/mnist_umap_trained.png, id=21, 1806.75pt x 361.35pt>
File: ../../out/activations_feedforward/mnist_umap_trained.png Graphic file (type png)
<use ../../out/activations_feedforward/mnist_umap_trained.png>
Package pdftex.def Info: ../../out/activations_feedforward/mnist_umap_trained.png  used on input line 138.
(pdftex.def)             Requested size: 345.0pt x 68.99905pt.
<../../out/activations_feedforward/mnist_umap_untrained.png, id=22, 1806.75pt x 361.35pt>
File: ../../out/activations_feedforward/mnist_umap_untrained.png Graphic file (type png)
<use ../../out/activations_feedforward/mnist_umap_untrained.png>
Package pdftex.def Info: ../../out/activations_feedforward/mnist_umap_untrained.png  used on input line 144.
(pdftex.def)             Requested size: 345.0pt x 68.99905pt.
 [3 <../../out/activations_feedforward/mnist_t-sne_trained.png> <../../out/activations_feedforward/mnist_t-sne_untrained.png>] (../../out/activations_feedforward/mnist_umap.tex)
<../../out/activations_feedforward/fmnist_t-sne_trained.png, id=28, 1806.75pt x 361.35pt>
File: ../../out/activations_feedforward/fmnist_t-sne_trained.png Graphic file (type png)
<use ../../out/activations_feedforward/fmnist_t-sne_trained.png>
Package pdftex.def Info: ../../out/activations_feedforward/fmnist_t-sne_trained.png  used on input line 173.
(pdftex.def)             Requested size: 345.0pt x 68.99905pt.
<../../out/activations_feedforward/fmnist_t-sne_untrained.png, id=29, 1806.75pt x 361.35pt>
File: ../../out/activations_feedforward/fmnist_t-sne_untrained.png Graphic file (type png)
<use ../../out/activations_feedforward/fmnist_t-sne_untrained.png>
Package pdftex.def Info: ../../out/activations_feedforward/fmnist_t-sne_untrained.png  used on input line 179.
(pdftex.def)             Requested size: 345.0pt x 68.99905pt.
 (../../out/activations_feedforward/fmnist_t-sne.tex) [4 <../../out/activations_feedforward/mnist_umap_trained.png> <../../out/activations_feedforward/mnist_umap_untrained.png>] [5 <../../out/activations_feedforward/fmnist_t-sne_trained.png> <../../out/activations_feedforward/fmnist_t-sne_untrained.png>]
<../../out/activations_feedforward/fmnist_umap_trained.png, id=40, 1806.75pt x 361.35pt>
File: ../../out/activations_feedforward/fmnist_umap_trained.png Graphic file (type png)
<use ../../out/activations_feedforward/fmnist_umap_trained.png>
Package pdftex.def Info: ../../out/activations_feedforward/fmnist_umap_trained.png  used on input line 206.
(pdftex.def)             Requested size: 345.0pt x 68.99905pt.
<../../out/activations_feedforward/fmnist_umap_untrained.png, id=41, 1806.75pt x 361.35pt>
File: ../../out/activations_feedforward/fmnist_umap_untrained.png Graphic file (type png)
<use ../../out/activations_feedforward/fmnist_umap_untrained.png>
Package pdftex.def Info: ../../out/activations_feedforward/fmnist_umap_untrained.png  used on input line 212.
(pdftex.def)             Requested size: 345.0pt x 68.99905pt.
 (../../out/activations_feedforward/fmnist_umap.tex) [6 <../../out/activations_feedforward/fmnist_umap_trained.png> <../../out/activations_feedforward/fmnist_umap_untrained.png>] [7] (./neural_network_activations.aux) ) 
Here is how much of TeX's memory you used:
 1321 strings out of 478994
 21987 string characters out of 5864751
 313557 words of memory out of 5000000
 18816 multiletter control sequences out of 15000+600000
 408152 words of font info for 43 fonts, out of 8000000 for 9000
 1141 hyphenation exceptions out of 8191
 68i,9n,74p,245b,233s stack positions out of 5000i,500n,10000p,200000b,80000s
</usr/share/texmf-dist/fonts/type1/public/amsfonts/cm/cmbx12.pfb></usr/share/texmf-dist/fonts/type1/public/amsfonts/cm/cmbx9.pfb></usr/share/texmf-dist/fonts/type1/public/amsfonts/cm/cmmi10.pfb></usr/share/texmf-dist/fonts/type1/public/amsfonts/cm/cmmi7.pfb></usr/share/texmf-dist/fonts/type1/public/amsfonts/cm/cmr10.pfb></usr/share/texmf-dist/fonts/type1/public/amsfonts/cm/cmr12.pfb></usr/share/texmf-dist/fonts/type1/public/amsfonts/cm/cmr17.pfb></usr/share/texmf-dist/fonts/type1/public/amsfonts/cm/cmr9.pfb></usr/share/texmf-dist/fonts/type1/public/amsfonts/cm/cmtt10.pfb>
Output written on neural_network_activations.pdf (7 pages, 2904533 bytes).
PDF statistics:
 81 PDF objects out of 1000 (max. 8388607)
 46 compressed objects within 1 object stream
 0 named destinations out of 1000 (max. 500000)
 41 words of extra memory for PDF output out of 10000 (max. 10000000)

