This is pdfTeX, Version 3.141592653-2.6-1.40.22 (TeX Live 2021/Arch Linux) (preloaded format=pdflatex 2021.5.27)  2 SEP 2021 09:34
entering extended mode
 restricted \write18 enabled.
 file:line:error style messages enabled.
 %&-line parsing enabled.
**neural_network_activations.tex
(./neural_network_activations.tex
LaTeX2e <2020-10-01> patch level 4
L3 programming layer <2021-02-18> (/usr/share/texmf-dist/tex/latex/base/article.cls
Document Class: article 2020/04/10 v1.4m Standard LaTeX document class
(/usr/share/texmf-dist/tex/latex/base/size10.clo
File: size10.clo 2020/04/10 v1.4m Standard LaTeX file (size option)
)
\c@part=\count179
\c@section=\count180
\c@subsection=\count181
\c@subsubsection=\count182
\c@paragraph=\count183
\c@subparagraph=\count184
\c@figure=\count185
\c@table=\count186
\abovecaptionskip=\skip47
\belowcaptionskip=\skip48
\bibindent=\dimen138
) (/usr/share/texmf-dist/tex/latex/graphics/graphicx.sty
Package: graphicx 2020/09/09 v1.2b Enhanced LaTeX Graphics (DPC,SPQR)
 (/usr/share/texmf-dist/tex/latex/graphics/keyval.sty
Package: keyval 2014/10/28 v1.15 key=value parser (DPC)
\KV@toks@=\toks15
) (/usr/share/texmf-dist/tex/latex/graphics/graphics.sty
Package: graphics 2020/08/30 v1.4c Standard LaTeX Graphics (DPC,SPQR)
 (/usr/share/texmf-dist/tex/latex/graphics/trig.sty
Package: trig 2016/01/03 v1.10 sin cos tan (DPC)
) (/usr/share/texmf-dist/tex/latex/graphics-cfg/graphics.cfg
File: graphics.cfg 2016/06/04 v1.11 sample graphics configuration
)
Package graphics Info: Driver file: pdftex.def on input line 105.
 (/usr/share/texmf-dist/tex/latex/graphics-def/pdftex.def
File: pdftex.def 2020/10/05 v1.2a Graphics/color driver for pdftex
))
\Gin@req@height=\dimen139
\Gin@req@width=\dimen140
) (/usr/share/texmf-dist/tex/latex/booktabs/booktabs.sty
Package: booktabs 2020/01/12 v1.61803398 Publication quality tables
\heavyrulewidth=\dimen141
\lightrulewidth=\dimen142
\cmidrulewidth=\dimen143
\belowrulesep=\dimen144
\belowbottomsep=\dimen145
\aboverulesep=\dimen146
\abovetopsep=\dimen147
\cmidrulesep=\dimen148
\cmidrulekern=\dimen149
\defaultaddspace=\dimen150
\@cmidla=\count187
\@cmidlb=\count188
\@aboverulesep=\dimen151
\@belowrulesep=\dimen152
\@thisruleclass=\count189
\@lastruleclass=\count190
\@thisrulewidth=\dimen153
) (/usr/share/texmf-dist/tex/latex/l3backend/l3backend-pdftex.def
File: l3backend-pdftex.def 2021-03-18 L3 backend support: PDF output (pdfTeX)
\l__color_backend_stack_int=\count191
\l__pdf_internal_box=\box47
) (./neural_network_activations.aux)
\openout1 = `neural_network_activations.aux'.

LaTeX Font Info:    Checking defaults for OML/cmm/m/it on input line 9.
LaTeX Font Info:    ... okay on input line 9.
LaTeX Font Info:    Checking defaults for OMS/cmsy/m/n on input line 9.
LaTeX Font Info:    ... okay on input line 9.
LaTeX Font Info:    Checking defaults for OT1/cmr/m/n on input line 9.
LaTeX Font Info:    ... okay on input line 9.
LaTeX Font Info:    Checking defaults for T1/cmr/m/n on input line 9.
LaTeX Font Info:    ... okay on input line 9.
LaTeX Font Info:    Checking defaults for TS1/cmr/m/n on input line 9.
LaTeX Font Info:    ... okay on input line 9.
LaTeX Font Info:    Checking defaults for OMX/cmex/m/n on input line 9.
LaTeX Font Info:    ... okay on input line 9.
LaTeX Font Info:    Checking defaults for U/cmr/m/n on input line 9.
LaTeX Font Info:    ... okay on input line 9.
 (/usr/share/texmf-dist/tex/context/base/mkii/supp-pdf.mkii
[Loading MPS to PDF converter (version 2006.09.02).]
\scratchcounter=\count192
\scratchdimen=\dimen154
\scratchbox=\box48
\nofMPsegments=\count193
\nofMParguments=\count194
\everyMPshowfont=\toks16
\MPscratchCnt=\count195
\MPscratchDim=\dimen155
\MPnumerator=\count196
\makeMPintoPDFobject=\count197
\everyMPtoPDFconversion=\toks17
) (/usr/share/texmf-dist/tex/latex/epstopdf-pkg/epstopdf-base.sty
Package: epstopdf-base 2020-01-24 v2.11 Base part for package epstopdf
Package epstopdf-base Info: Redefining graphics rule for `.eps' on input line 485.
 (/usr/share/texmf-dist/tex/latex/latexconfig/epstopdf-sys.cfg
File: epstopdf-sys.cfg 2010/07/13 v1.3 Configuration of (r)epstopdf for TeX Live
))
LaTeX Font Info:    External font `cmex10' loaded for size
(Font)              <12> on input line 11.
LaTeX Font Info:    External font `cmex10' loaded for size
(Font)              <8> on input line 11.
LaTeX Font Info:    External font `cmex10' loaded for size
(Font)              <6> on input line 11.
 [1

{/var/lib/texmf/fonts/map/pdftex/updmap/pdftex.map}]
LaTeX Font Info:    External font `cmex10' loaded for size
(Font)              <7> on input line 87.
LaTeX Font Info:    External font `cmex10' loaded for size
(Font)              <5> on input line 87.
 [2]
<../../out/activations_cnn/mnist/t-sne/trained/plot_l0.png, id=18, 867.24pt x 578.16pt>
File: ../../out/activations_cnn/mnist/t-sne/trained/plot_l0.png Graphic file (type png)
<use ../../out/activations_cnn/mnist/t-sne/trained/plot_l0.png>
Package pdftex.def Info: ../../out/activations_cnn/mnist/t-sne/trained/plot_l0.png  used on input line 121.
(pdftex.def)             Requested size: 345.0pt x 229.99835pt.
<../../out/activations_cnn/mnist/t-sne/trained/plot_l1_f0.png, id=20, 867.24pt x 578.16pt>
File: ../../out/activations_cnn/mnist/t-sne/trained/plot_l1_f0.png Graphic file (type png)
<use ../../out/activations_cnn/mnist/t-sne/trained/plot_l1_f0.png>
Package pdftex.def Info: ../../out/activations_cnn/mnist/t-sne/trained/plot_l1_f0.png  used on input line 127.
(pdftex.def)             Requested size: 345.0pt x 229.99835pt.
<../../out/activations_cnn/mnist/t-sne/trained/plot_l2_f0.png, id=21, 867.24pt x 578.16pt>
File: ../../out/activations_cnn/mnist/t-sne/trained/plot_l2_f0.png Graphic file (type png)
<use ../../out/activations_cnn/mnist/t-sne/trained/plot_l2_f0.png>
Package pdftex.def Info: ../../out/activations_cnn/mnist/t-sne/trained/plot_l2_f0.png  used on input line 133.
(pdftex.def)             Requested size: 345.0pt x 229.99835pt.
<../../out/activations_cnn/mnist/t-sne/trained/plot_l3.png, id=22, 867.24pt x 578.16pt>
File: ../../out/activations_cnn/mnist/t-sne/trained/plot_l3.png Graphic file (type png)
<use ../../out/activations_cnn/mnist/t-sne/trained/plot_l3.png>
Package pdftex.def Info: ../../out/activations_cnn/mnist/t-sne/trained/plot_l3.png  used on input line 139.
(pdftex.def)             Requested size: 345.0pt x 229.99835pt.
<../../out/activations_cnn/mnist/t-sne/untrained/plot_l1_f0.png, id=23, 867.24pt x 578.16pt>
File: ../../out/activations_cnn/mnist/t-sne/untrained/plot_l1_f0.png Graphic file (type png)
<use ../../out/activations_cnn/mnist/t-sne/untrained/plot_l1_f0.png>
Package pdftex.def Info: ../../out/activations_cnn/mnist/t-sne/untrained/plot_l1_f0.png  used on input line 145.
(pdftex.def)             Requested size: 345.0pt x 229.99835pt.
<../../out/activations_cnn/mnist/t-sne/untrained/plot_l2_f0.png, id=24, 867.24pt x 578.16pt>
File: ../../out/activations_cnn/mnist/t-sne/untrained/plot_l2_f0.png Graphic file (type png)
<use ../../out/activations_cnn/mnist/t-sne/untrained/plot_l2_f0.png>
Package pdftex.def Info: ../../out/activations_cnn/mnist/t-sne/untrained/plot_l2_f0.png  used on input line 151.
(pdftex.def)             Requested size: 345.0pt x 229.99835pt.
<../../out/activations_cnn/mnist/t-sne/untrained/plot_l3.png, id=25, 867.24pt x 578.16pt>
File: ../../out/activations_cnn/mnist/t-sne/untrained/plot_l3.png Graphic file (type png)
<use ../../out/activations_cnn/mnist/t-sne/untrained/plot_l3.png>
Package pdftex.def Info: ../../out/activations_cnn/mnist/t-sne/untrained/plot_l3.png  used on input line 157.
(pdftex.def)             Requested size: 345.0pt x 229.99835pt.
 [3] [4 <../../out/activations_cnn/mnist/t-sne/trained/plot_l0.png> <../../out/activations_cnn/mnist/t-sne/trained/plot_l1_f0.png>] [5 <../../out/activations_cnn/mnist/t-sne/trained/plot_l2_f0.png> <../../out/activations_cnn/mnist/t-sne/trained/plot_l3.png>] [6 <../../out/activations_cnn/mnist/t-sne/untrained/plot_l1_f0.png> <../../out/activations_cnn/mnist/t-sne/untrained/plot_l2_f0.png>] (../../out/activations_cnn/mnist/t-sne/table_l0.tex) (../../out/activations_cnn/mnist/t-sne/table_l1.tex) (../../out/activations_cnn/mnist/t-sne/table_l2.tex) (../../out/activations_cnn/mnist/t-sne/table_l3.tex)
<../../out/activations_cnn/mnist/t-sne/plot_metric_ds.png, id=45, 462.528pt x 346.896pt>
File: ../../out/activations_cnn/mnist/t-sne/plot_metric_ds.png Graphic file (type png)
<use ../../out/activations_cnn/mnist/t-sne/plot_metric_ds.png>
Package pdftex.def Info: ../../out/activations_cnn/mnist/t-sne/plot_metric_ds.png  used on input line 228.
(pdftex.def)             Requested size: 258.75pt x 194.06987pt.
<../../out/activations_cnn/mnist/t-sne/plot_metric_dd.png, id=46, 462.528pt x 346.896pt>
File: ../../out/activations_cnn/mnist/t-sne/plot_metric_dd.png Graphic file (type png)
<use ../../out/activations_cnn/mnist/t-sne/plot_metric_dd.png>
Package pdftex.def Info: ../../out/activations_cnn/mnist/t-sne/plot_metric_dd.png  used on input line 234.
(pdftex.def)             Requested size: 258.75pt x 194.06987pt.
<../../out/activations_cnn/mnist/t-sne/outliers/correct3_predicted7.png, id=47, 1300.86pt x 578.16pt>
File: ../../out/activations_cnn/mnist/t-sne/outliers/correct3_predicted7.png Graphic file (type png)
<use ../../out/activations_cnn/mnist/t-sne/outliers/correct3_predicted7.png>
Package pdftex.def Info: ../../out/activations_cnn/mnist/t-sne/outliers/correct3_predicted7.png  used on input line 249.
(pdftex.def)             Requested size: 258.75pt x 114.99477pt.
<../../out/activations_cnn/mnist/t-sne/filter_outputs/class5_l0.png, id=48, 578.16pt x 578.16pt>
File: ../../out/activations_cnn/mnist/t-sne/filter_outputs/class5_l0.png Graphic file (type png)
<use ../../out/activations_cnn/mnist/t-sne/filter_outputs/class5_l0.png>
Package pdftex.def Info: ../../out/activations_cnn/mnist/t-sne/filter_outputs/class5_l0.png  used on input line 265.
(pdftex.def)             Requested size: 258.75pt x 258.74925pt.
<../../out/activations_cnn/mnist/t-sne/filter_outputs/class5_l1.png, id=49, 361.35pt x 1445.4pt>
File: ../../out/activations_cnn/mnist/t-sne/filter_outputs/class5_l1.png Graphic file (type png)
<use ../../out/activations_cnn/mnist/t-sne/filter_outputs/class5_l1.png>
Package pdftex.def Info: ../../out/activations_cnn/mnist/t-sne/filter_outputs/class5_l1.png  used on input line 271.
(pdftex.def)             Requested size: 86.25pt x 344.9843pt.
<../../out/activations_cnn/mnist/t-sne/filter_outputs/class5_l2.png, id=50, 867.24pt x 867.24pt>
File: ../../out/activations_cnn/mnist/t-sne/filter_outputs/class5_l2.png Graphic file (type png)
<use ../../out/activations_cnn/mnist/t-sne/filter_outputs/class5_l2.png>
Package pdftex.def Info: ../../out/activations_cnn/mnist/t-sne/filter_outputs/class5_l2.png  used on input line 277.
(pdftex.def)             Requested size: 258.75pt x 258.74484pt.
 [7 <../../out/activations_cnn/mnist/t-sne/untrained/plot_l3.png>] [8 <../../out/activations_cnn/mnist/t-sne/plot_metric_ds.png>] [9 <../../out/activations_cnn/mnist/t-sne/plot_metric_dd.png> <../../out/activations_cnn/mnist/t-sne/outliers/correct3_predicted7.png>] [10 <../../out/activations_cnn/mnist/t-sne/filter_outputs/class5_l0.png>] [11 <../../out/activations_cnn/mnist/t-sne/filter_outputs/class5_l1.png>] [12 <../../out/activations_cnn/mnist/t-sne/filter_outputs/class5_l2.png>]
<../../out/activations_cnn/mnist/umap/trained/plot_l0.png, id=77, 867.24pt x 578.16pt>
File: ../../out/activations_cnn/mnist/umap/trained/plot_l0.png Graphic file (type png)
<use ../../out/activations_cnn/mnist/umap/trained/plot_l0.png>
Package pdftex.def Info: ../../out/activations_cnn/mnist/umap/trained/plot_l0.png  used on input line 292.
(pdftex.def)             Requested size: 345.0pt x 229.99835pt.
<../../out/activations_cnn/mnist/umap/trained/plot_l1_f0.png, id=78, 867.24pt x 578.16pt>
File: ../../out/activations_cnn/mnist/umap/trained/plot_l1_f0.png Graphic file (type png)
<use ../../out/activations_cnn/mnist/umap/trained/plot_l1_f0.png>
Package pdftex.def Info: ../../out/activations_cnn/mnist/umap/trained/plot_l1_f0.png  used on input line 298.
(pdftex.def)             Requested size: 345.0pt x 229.99835pt.
<../../out/activations_cnn/mnist/umap/trained/plot_l2_f0.png, id=79, 867.24pt x 578.16pt>
File: ../../out/activations_cnn/mnist/umap/trained/plot_l2_f0.png Graphic file (type png)
<use ../../out/activations_cnn/mnist/umap/trained/plot_l2_f0.png>
Package pdftex.def Info: ../../out/activations_cnn/mnist/umap/trained/plot_l2_f0.png  used on input line 304.
(pdftex.def)             Requested size: 345.0pt x 229.99835pt.
<../../out/activations_cnn/mnist/umap/trained/plot_l3.png, id=80, 867.24pt x 578.16pt>
File: ../../out/activations_cnn/mnist/umap/trained/plot_l3.png Graphic file (type png)
<use ../../out/activations_cnn/mnist/umap/trained/plot_l3.png>
Package pdftex.def Info: ../../out/activations_cnn/mnist/umap/trained/plot_l3.png  used on input line 310.
(pdftex.def)             Requested size: 345.0pt x 229.99835pt.
<../../out/activations_cnn/mnist/umap/untrained/plot_l1_f0.png, id=81, 867.24pt x 578.16pt>
File: ../../out/activations_cnn/mnist/umap/untrained/plot_l1_f0.png Graphic file (type png)
<use ../../out/activations_cnn/mnist/umap/untrained/plot_l1_f0.png>
Package pdftex.def Info: ../../out/activations_cnn/mnist/umap/untrained/plot_l1_f0.png  used on input line 316.
(pdftex.def)             Requested size: 345.0pt x 229.99835pt.
<../../out/activations_cnn/mnist/umap/untrained/plot_l2_f0.png, id=82, 867.24pt x 578.16pt>
File: ../../out/activations_cnn/mnist/umap/untrained/plot_l2_f0.png Graphic file (type png)
<use ../../out/activations_cnn/mnist/umap/untrained/plot_l2_f0.png>
Package pdftex.def Info: ../../out/activations_cnn/mnist/umap/untrained/plot_l2_f0.png  used on input line 322.
(pdftex.def)             Requested size: 345.0pt x 229.99835pt.
<../../out/activations_cnn/mnist/umap/untrained/plot_l3.png, id=83, 867.24pt x 578.16pt>
File: ../../out/activations_cnn/mnist/umap/untrained/plot_l3.png Graphic file (type png)
<use ../../out/activations_cnn/mnist/umap/untrained/plot_l3.png>
Package pdftex.def Info: ../../out/activations_cnn/mnist/umap/untrained/plot_l3.png  used on input line 328.
(pdftex.def)             Requested size: 345.0pt x 229.99835pt.
 (../../out/activations_cnn/mnist/umap/table_l0.tex) (../../out/activations_cnn/mnist/umap/table_l1.tex) (../../out/activations_cnn/mnist/umap/table_l2.tex) (../../out/activations_cnn/mnist/umap/table_l3.tex)
<../../out/activations_cnn/mnist/umap/plot_metric_ds.png, id=84, 462.528pt x 346.896pt>
File: ../../out/activations_cnn/mnist/umap/plot_metric_ds.png Graphic file (type png)
<use ../../out/activations_cnn/mnist/umap/plot_metric_ds.png>
Package pdftex.def Info: ../../out/activations_cnn/mnist/umap/plot_metric_ds.png  used on input line 370.
(pdftex.def)             Requested size: 258.75pt x 194.06987pt.
<../../out/activations_cnn/mnist/umap/plot_metric_dd.png, id=85, 462.528pt x 346.896pt>
File: ../../out/activations_cnn/mnist/umap/plot_metric_dd.png Graphic file (type png)
<use ../../out/activations_cnn/mnist/umap/plot_metric_dd.png>
Package pdftex.def Info: ../../out/activations_cnn/mnist/umap/plot_metric_dd.png  used on input line 376.
(pdftex.def)             Requested size: 258.75pt x 194.06987pt.
<../../out/activations_cnn/fmnist/t-sne/trained/plot_l0.png, id=86, 867.24pt x 578.16pt>
File: ../../out/activations_cnn/fmnist/t-sne/trained/plot_l0.png Graphic file (type png)
<use ../../out/activations_cnn/fmnist/t-sne/trained/plot_l0.png>
Package pdftex.def Info: ../../out/activations_cnn/fmnist/t-sne/trained/plot_l0.png  used on input line 389.
(pdftex.def)             Requested size: 345.0pt x 229.99835pt.
<../../out/activations_cnn/fmnist/t-sne/trained/plot_l1_f0.png, id=87, 867.24pt x 578.16pt>
File: ../../out/activations_cnn/fmnist/t-sne/trained/plot_l1_f0.png Graphic file (type png)
<use ../../out/activations_cnn/fmnist/t-sne/trained/plot_l1_f0.png>
Package pdftex.def Info: ../../out/activations_cnn/fmnist/t-sne/trained/plot_l1_f0.png  used on input line 395.
(pdftex.def)             Requested size: 345.0pt x 229.99835pt.
<../../out/activations_cnn/fmnist/t-sne/trained/plot_l2_f0.png, id=88, 867.24pt x 578.16pt>
File: ../../out/activations_cnn/fmnist/t-sne/trained/plot_l2_f0.png Graphic file (type png)
<use ../../out/activations_cnn/fmnist/t-sne/trained/plot_l2_f0.png>
Package pdftex.def Info: ../../out/activations_cnn/fmnist/t-sne/trained/plot_l2_f0.png  used on input line 401.
(pdftex.def)             Requested size: 345.0pt x 229.99835pt.
<../../out/activations_cnn/fmnist/t-sne/trained/plot_l3.png, id=89, 867.24pt x 578.16pt>
File: ../../out/activations_cnn/fmnist/t-sne/trained/plot_l3.png Graphic file (type png)
<use ../../out/activations_cnn/fmnist/t-sne/trained/plot_l3.png>
Package pdftex.def Info: ../../out/activations_cnn/fmnist/t-sne/trained/plot_l3.png  used on input line 407.
(pdftex.def)             Requested size: 345.0pt x 229.99835pt.
<../../out/activations_cnn/fmnist/t-sne/untrained/plot_l1_f0.png, id=90, 867.24pt x 578.16pt>
File: ../../out/activations_cnn/fmnist/t-sne/untrained/plot_l1_f0.png Graphic file (type png)
<use ../../out/activations_cnn/fmnist/t-sne/untrained/plot_l1_f0.png>
Package pdftex.def Info: ../../out/activations_cnn/fmnist/t-sne/untrained/plot_l1_f0.png  used on input line 413.
(pdftex.def)             Requested size: 345.0pt x 229.99835pt.
<../../out/activations_cnn/fmnist/t-sne/untrained/plot_l2_f0.png, id=91, 867.24pt x 578.16pt>
File: ../../out/activations_cnn/fmnist/t-sne/untrained/plot_l2_f0.png Graphic file (type png)
<use ../../out/activations_cnn/fmnist/t-sne/untrained/plot_l2_f0.png>
Package pdftex.def Info: ../../out/activations_cnn/fmnist/t-sne/untrained/plot_l2_f0.png  used on input line 419.
(pdftex.def)             Requested size: 345.0pt x 229.99835pt.
<../../out/activations_cnn/fmnist/t-sne/untrained/plot_l3.png, id=92, 867.24pt x 578.16pt>
File: ../../out/activations_cnn/fmnist/t-sne/untrained/plot_l3.png Graphic file (type png)
<use ../../out/activations_cnn/fmnist/t-sne/untrained/plot_l3.png>
Package pdftex.def Info: ../../out/activations_cnn/fmnist/t-sne/untrained/plot_l3.png  used on input line 425.
(pdftex.def)             Requested size: 345.0pt x 229.99835pt.
 (../../out/activations_cnn/fmnist/t-sne/table_l0.tex) (../../out/activations_cnn/fmnist/t-sne/table_l1.tex) (../../out/activations_cnn/fmnist/t-sne/table_l2.tex) (../../out/activations_cnn/fmnist/t-sne/table_l3.tex)
<../../out/activations_cnn/fmnist/t-sne/plot_metric_ds.png, id=93, 462.528pt x 346.896pt>
File: ../../out/activations_cnn/fmnist/t-sne/plot_metric_ds.png Graphic file (type png)
<use ../../out/activations_cnn/fmnist/t-sne/plot_metric_ds.png>
Package pdftex.def Info: ../../out/activations_cnn/fmnist/t-sne/plot_metric_ds.png  used on input line 468.
(pdftex.def)             Requested size: 258.75pt x 194.06987pt.
<../../out/activations_cnn/fmnist/t-sne/plot_metric_dd.png, id=94, 462.528pt x 346.896pt>
File: ../../out/activations_cnn/fmnist/t-sne/plot_metric_dd.png Graphic file (type png)
<use ../../out/activations_cnn/fmnist/t-sne/plot_metric_dd.png>
Package pdftex.def Info: ../../out/activations_cnn/fmnist/t-sne/plot_metric_dd.png  used on input line 474.
(pdftex.def)             Requested size: 258.75pt x 194.06987pt.
<../../out/activations_cnn/fmnist/t-sne/outliers/correct0_predicted6.png, id=95, 1300.86pt x 578.16pt>
File: ../../out/activations_cnn/fmnist/t-sne/outliers/correct0_predicted6.png Graphic file (type png)
<use ../../out/activations_cnn/fmnist/t-sne/outliers/correct0_predicted6.png>
Package pdftex.def Info: ../../out/activations_cnn/fmnist/t-sne/outliers/correct0_predicted6.png  used on input line 487.
(pdftex.def)             Requested size: 258.75pt x 114.99477pt.
 [13 <../../out/activations_cnn/mnist/umap/trained/plot_l0.png>] [14 <../../out/activations_cnn/mnist/umap/trained/plot_l1_f0.png> <../../out/activations_cnn/mnist/umap/trained/plot_l2_f0.png>] [15 <../../out/activations_cnn/mnist/umap/trained/plot_l3.png> <../../out/activations_cnn/mnist/umap/untrained/plot_l1_f0.png>] [16 <../../out/activations_cnn/mnist/umap/untrained/plot_l2_f0.png> <../../out/activations_cnn/mnist/umap/untrained/plot_l3.png>] [17] [18 <../../out/activations_cnn/mnist/umap/plot_metric_ds.png> <../../out/activations_cnn/mnist/umap/plot_metric_dd.png>] [19 <../../out/activations_cnn/fmnist/t-sne/trained/plot_l0.png> <../../out/activations_cnn/fmnist/t-sne/trained/plot_l1_f0.png>] [20 <../../out/activations_cnn/fmnist/t-sne/trained/plot_l2_f0.png> <../../out/activations_cnn/fmnist/t-sne/trained/plot_l3.png>] [21 <../../out/activations_cnn/fmnist/t-sne/untrained/plot_l1_f0.png> <../../out/activations_cnn/fmnist/t-sne/untrained/plot_l2_f0.png>] [22 <../../out/activations_cnn/fmnist/t-sne/untrained/plot_l3.png>] [23 <../../out/activations_cnn/fmnist/t-sne/plot_metric_ds.png>]
<../../out/activations_cnn/fmnist/t-sne/filter_outputs/class0_l0.png, id=148, 578.16pt x 578.16pt>
File: ../../out/activations_cnn/fmnist/t-sne/filter_outputs/class0_l0.png Graphic file (type png)
<use ../../out/activations_cnn/fmnist/t-sne/filter_outputs/class0_l0.png>
Package pdftex.def Info: ../../out/activations_cnn/fmnist/t-sne/filter_outputs/class0_l0.png  used on input line 497.
(pdftex.def)             Requested size: 258.75pt x 258.74925pt.
<../../out/activations_cnn/fmnist/t-sne/filter_outputs/class0_l1.png, id=149, 361.35pt x 1445.4pt>
File: ../../out/activations_cnn/fmnist/t-sne/filter_outputs/class0_l1.png Graphic file (type png)
<use ../../out/activations_cnn/fmnist/t-sne/filter_outputs/class0_l1.png>
Package pdftex.def Info: ../../out/activations_cnn/fmnist/t-sne/filter_outputs/class0_l1.png  used on input line 503.
(pdftex.def)             Requested size: 86.25pt x 344.9843pt.
<../../out/activations_cnn/fmnist/t-sne/filter_outputs/class0_l2.png, id=150, 867.24pt x 867.24pt>
File: ../../out/activations_cnn/fmnist/t-sne/filter_outputs/class0_l2.png Graphic file (type png)
<use ../../out/activations_cnn/fmnist/t-sne/filter_outputs/class0_l2.png>
Package pdftex.def Info: ../../out/activations_cnn/fmnist/t-sne/filter_outputs/class0_l2.png  used on input line 509.
(pdftex.def)             Requested size: 258.75pt x 258.74484pt.
<../../out/activations_cnn/fmnist/umap/trained/plot_l0.png, id=151, 867.24pt x 578.16pt>
File: ../../out/activations_cnn/fmnist/umap/trained/plot_l0.png Graphic file (type png)
<use ../../out/activations_cnn/fmnist/umap/trained/plot_l0.png>
Package pdftex.def Info: ../../out/activations_cnn/fmnist/umap/trained/plot_l0.png  used on input line 525.
(pdftex.def)             Requested size: 345.0pt x 229.99835pt.
 [24 <../../out/activations_cnn/fmnist/t-sne/plot_metric_dd.png> <../../out/activations_cnn/fmnist/t-sne/outliers/correct0_predicted6.png>] [25 <../../out/activations_cnn/fmnist/t-sne/filter_outputs/class0_l0.png>] [26 <../../out/activations_cnn/fmnist/t-sne/filter_outputs/class0_l1.png>] [27 <../../out/activations_cnn/fmnist/t-sne/filter_outputs/class0_l2.png>]
<../../out/activations_cnn/fmnist/umap/trained/plot_l1_f0.png, id=170, 867.24pt x 578.16pt>
File: ../../out/activations_cnn/fmnist/umap/trained/plot_l1_f0.png Graphic file (type png)
<use ../../out/activations_cnn/fmnist/umap/trained/plot_l1_f0.png>
Package pdftex.def Info: ../../out/activations_cnn/fmnist/umap/trained/plot_l1_f0.png  used on input line 531.
(pdftex.def)             Requested size: 345.0pt x 229.99835pt.
<../../out/activations_cnn/fmnist/umap/trained/plot_l2_f0.png, id=171, 867.24pt x 578.16pt>
File: ../../out/activations_cnn/fmnist/umap/trained/plot_l2_f0.png Graphic file (type png)
<use ../../out/activations_cnn/fmnist/umap/trained/plot_l2_f0.png>
Package pdftex.def Info: ../../out/activations_cnn/fmnist/umap/trained/plot_l2_f0.png  used on input line 537.
(pdftex.def)             Requested size: 345.0pt x 229.99835pt.
<../../out/activations_cnn/fmnist/umap/trained/plot_l3.png, id=172, 867.24pt x 578.16pt>
File: ../../out/activations_cnn/fmnist/umap/trained/plot_l3.png Graphic file (type png)
<use ../../out/activations_cnn/fmnist/umap/trained/plot_l3.png>
Package pdftex.def Info: ../../out/activations_cnn/fmnist/umap/trained/plot_l3.png  used on input line 543.
(pdftex.def)             Requested size: 345.0pt x 229.99835pt.
<../../out/activations_cnn/fmnist/umap/untrained/plot_l1_f0.png, id=173, 867.24pt x 578.16pt>
File: ../../out/activations_cnn/fmnist/umap/untrained/plot_l1_f0.png Graphic file (type png)
<use ../../out/activations_cnn/fmnist/umap/untrained/plot_l1_f0.png>
Package pdftex.def Info: ../../out/activations_cnn/fmnist/umap/untrained/plot_l1_f0.png  used on input line 549.
(pdftex.def)             Requested size: 345.0pt x 229.99835pt.
<../../out/activations_cnn/fmnist/umap/untrained/plot_l2_f0.png, id=174, 867.24pt x 578.16pt>
File: ../../out/activations_cnn/fmnist/umap/untrained/plot_l2_f0.png Graphic file (type png)
<use ../../out/activations_cnn/fmnist/umap/untrained/plot_l2_f0.png>
Package pdftex.def Info: ../../out/activations_cnn/fmnist/umap/untrained/plot_l2_f0.png  used on input line 555.
(pdftex.def)             Requested size: 345.0pt x 229.99835pt.
<../../out/activations_cnn/fmnist/umap/untrained/plot_l3.png, id=175, 867.24pt x 578.16pt>
File: ../../out/activations_cnn/fmnist/umap/untrained/plot_l3.png Graphic file (type png)
<use ../../out/activations_cnn/fmnist/umap/untrained/plot_l3.png>
Package pdftex.def Info: ../../out/activations_cnn/fmnist/umap/untrained/plot_l3.png  used on input line 561.
(pdftex.def)             Requested size: 345.0pt x 229.99835pt.
 (../../out/activations_cnn/fmnist/umap/table_l0.tex) (../../out/activations_cnn/fmnist/umap/table_l1.tex) (../../out/activations_cnn/fmnist/umap/table_l2.tex) (../../out/activations_cnn/fmnist/umap/table_l3.tex)
<../../out/activations_cnn/fmnist/umap/plot_metric_ds.png, id=176, 462.528pt x 346.896pt>
File: ../../out/activations_cnn/fmnist/umap/plot_metric_ds.png Graphic file (type png)
<use ../../out/activations_cnn/fmnist/umap/plot_metric_ds.png>
Package pdftex.def Info: ../../out/activations_cnn/fmnist/umap/plot_metric_ds.png  used on input line 603.
(pdftex.def)             Requested size: 258.75pt x 194.06987pt.
<../../out/activations_cnn/fmnist/umap/plot_metric_dd.png, id=177, 462.528pt x 346.896pt>
File: ../../out/activations_cnn/fmnist/umap/plot_metric_dd.png Graphic file (type png)
<use ../../out/activations_cnn/fmnist/umap/plot_metric_dd.png>
Package pdftex.def Info: ../../out/activations_cnn/fmnist/umap/plot_metric_dd.png  used on input line 609.
(pdftex.def)             Requested size: 258.75pt x 194.06987pt.
 [28 <../../out/activations_cnn/fmnist/umap/trained/plot_l0.png>] [29 <../../out/activations_cnn/fmnist/umap/trained/plot_l1_f0.png> <../../out/activations_cnn/fmnist/umap/trained/plot_l2_f0.png>] [30 <../../out/activations_cnn/fmnist/umap/trained/plot_l3.png> <../../out/activations_cnn/fmnist/umap/untrained/plot_l1_f0.png>] [31 <../../out/activations_cnn/fmnist/umap/untrained/plot_l2_f0.png> <../../out/activations_cnn/fmnist/umap/untrained/plot_l3.png>] [32] [33 <../../out/activations_cnn/fmnist/umap/plot_metric_ds.png> <../../out/activations_cnn/fmnist/umap/plot_metric_dd.png>] [34]
(./neural_network_activations.aux) ) 
Here is how much of TeX's memory you used:
 1561 strings out of 478994
 36301 string characters out of 5864751
 336384 words of memory out of 5000000
 19010 multiletter control sequences out of 15000+600000
 408487 words of font info for 44 fonts, out of 8000000 for 9000
 1141 hyphenation exceptions out of 8191
 68i,9n,74p,257b,233s stack positions out of 5000i,500n,10000p,200000b,80000s
{/usr/share/texmf-dist/fonts/enc/dvips/cm-super/cm-super-ts1.enc}</usr/share/texmf-dist/fonts/type1/public/amsfonts/cm/cmbx12.pfb></usr/share/texmf-dist/fonts/type1/public/amsfonts/cm/cmbx9.pfb></usr/share/texmf-dist/fonts/type1/public/amsfonts/cm/cmmi10.pfb></usr/share/texmf-dist/fonts/type1/public/amsfonts/cm/cmmi7.pfb></usr/share/texmf-dist/fonts/type1/public/amsfonts/cm/cmr10.pfb></usr/share/texmf-dist/fonts/type1/public/amsfonts/cm/cmr12.pfb></usr/share/texmf-dist/fonts/type1/public/amsfonts/cm/cmr17.pfb></usr/share/texmf-dist/fonts/type1/public/amsfonts/cm/cmr9.pfb></usr/share/texmf-dist/fonts/type1/public/amsfonts/cm/cmtt10.pfb></usr/share/texmf-dist/fonts/type1/public/cm-super/sfrm1000.pfb>
Output written on neural_network_activations.pdf (34 pages, 3670920 bytes).
PDF statistics:
 244 PDF objects out of 1000 (max. 8388607)
 108 compressed objects within 2 object streams
 0 named destinations out of 1000 (max. 500000)
 221 words of extra memory for PDF output out of 10000 (max. 10000000)

